<?xml version="1.0" encoding="UTF-8"?>
<testng-results skipped="0" failed="0" total="1" passed="1">
  <reporter-output>
  </reporter-output>
  <suite name="Suite" duration-ms="46160" started-at="2017-11-21T15:42:32Z" finished-at="2017-11-21T15:43:18Z">
    <groups>
    </groups>
    <test name="Test" duration-ms="46160" started-at="2017-11-21T15:42:32Z" finished-at="2017-11-21T15:43:18Z">
      <class name="com.MyProject.Users.EditCreatedUserTC_02">
        <test-method status="PASS" signature="preSteps()[pri:0, instance:com.MyProject.Users.EditCreatedUserTC_02@d25987]" name="preSteps" is-config="true" duration-ms="32576" started-at="2017-11-21T21:12:32Z" finished-at="2017-11-21T21:13:05Z">
          <reporter-output>
          </reporter-output>
        </test-method> <!-- preSteps -->
        <test-method status="PASS" signature="testEditCreatedUserTC_02()[pri:0, instance:com.MyProject.Users.EditCreatedUserTC_02@d25987]" name="testEditCreatedUserTC_02" duration-ms="13494" started-at="2017-11-21T21:13:05Z" finished-at="2017-11-21T21:13:18Z">
          <reporter-output>
          </reporter-output>
        </test-method> <!-- testEditCreatedUserTC_02 -->
        <test-method status="PASS" signature="backup()[pri:0, instance:com.MyProject.Users.EditCreatedUserTC_02@d25987]" name="backup" is-config="true" duration-ms="307" started-at="2017-11-21T21:13:19Z" finished-at="2017-11-21T21:13:19Z">
          <reporter-output>
          </reporter-output>
        </test-method> <!-- backup -->
      </class> <!-- com.MyProject.Users.EditCreatedUserTC_02 -->
    </test> <!-- Test -->
  </suite> <!-- Suite -->
</testng-results>
